<?xml version="1.0" encoding="UTF-8"?>
<!-- Generated by org.testng.reporters.JUnitReportReporter -->
<testsuite skipped="0" hostname="ELW3320" name="com.w2a.API_FrameWork.testCases.CreateCustomerAPITest" tests="1" failures="0" timestamp="19 Mar 2019 12:39:25 GMT" time="4.277" errors="0">
  <testcase name="createCustomerAPIwithValidData" time="4.277" classname="com.w2a.API_FrameWork.testCases.CreateCustomerAPITest"/>
</testsuite> <!-- com.w2a.API_FrameWork.testCases.CreateCustomerAPITest -->
