<?xml version="1.0" encoding="UTF-8"?>
<!-- Generated by org.testng.reporters.JUnitReportReporter -->
<testsuite skipped="0" hostname="ELW3320" name="com.w2a.API_FrameWork.testCases.TestCreateCustomerAPI" tests="1" failures="0" timestamp="07 Mar 2019 09:52:08 GMT" time="4.245" errors="0">
  <testcase name="createCustomerAPIwithValidData" time="4.245" classname="com.w2a.API_FrameWork.testCases.TestCreateCustomerAPI"/>
</testsuite> <!-- com.w2a.API_FrameWork.testCases.TestCreateCustomerAPI -->
